The target system is: PICO -  - cortex-m0plus
The host system is: Linux - 6.1.10-200.fc37.x86_64 - x86_64
Compiling the CXX compiler identification source file "CMakeCXXCompilerId.cpp" succeeded.
Compiler: /usr/bin/arm-none-eabi-g++ 
Build flags: ;-mcpu=cortex-m0plus;-mthumb
Id flags: -c 

The output was:
0


Compilation of the CXX compiler identification source "CMakeCXXCompilerId.cpp" produced "CMakeCXXCompilerId.o"

The CXX compiler identification is GNU, found in "/home/paok/Documents/Pico-Testing/build/CMakeFiles/3.25.2/CompilerIdCXX/CMakeCXXCompilerId.o"

Compiling the C compiler identification source file "CMakeCCompilerId.c" succeeded.
Compiler: /usr/bin/arm-none-eabi-gcc 
Build flags: ;-mcpu=cortex-m0plus;-mthumb
Id flags: -c 

The output was:
0


Compilation of the C compiler identification source "CMakeCCompilerId.c" produced "CMakeCCompilerId.o"

The C compiler identification is GNU, found in "/home/paok/Documents/Pico-Testing/build/CMakeFiles/3.25.2/CompilerIdC/CMakeCCompilerId.o"

Checking whether the ASM compiler is GNU using "--version" matched "(GNU assembler)|(GCC)|(Free Software Foundation)":
arm-none-eabi-gcc (Fedora 12.2.0-1.fc37) 12.2.0
Copyright (C) 2022 Free Software Foundation, Inc.
This is free software; see the source for copying conditions.  There is NO
warranty; not even for MERCHANTABILITY or FITNESS FOR A PARTICULAR PURPOSE.

Detecting CXX compiler ABI info compiled with the following output:
Change Dir: /home/paok/Documents/Pico-Testing/build/CMakeFiles/CMakeScratch/TryCompile-iWp91x

Run Build Command(s):/usr/bin/gmake -f Makefile cmTC_89332/fast && /usr/bin/gmake  -f CMakeFiles/cmTC_89332.dir/build.make CMakeFiles/cmTC_89332.dir/build
gmake[1]: Entering directory '/home/paok/Documents/Pico-Testing/build/CMakeFiles/CMakeScratch/TryCompile-iWp91x'
Building CXX object CMakeFiles/cmTC_89332.dir/CMakeCXXCompilerABI.cpp.obj
/usr/bin/arm-none-eabi-g++   -mcpu=cortex-m0plus -mthumb    -v -o CMakeFiles/cmTC_89332.dir/CMakeCXXCompilerABI.cpp.obj -c /usr/share/cmake/Modules/CMakeCXXCompilerABI.cpp
Using built-in specs.
COLLECT_GCC=/usr/bin/arm-none-eabi-g++
Target: arm-none-eabi
Configured with: ../gcc-12.2.0/configure --prefix=/usr --mandir=/usr/share/man --with-pkgversion='Fedora 12.2.0-1.fc37' --with-bugurl=https://bugzilla.redhat.com/ --infodir=/usr/share/info --target=arm-none-eabi --enable-interwork --enable-multilib --with-python-dir=share/arm-none-eabi/gcc-12.2.0/python --with-multilib-list=rmprofile --enable-plugins --disable-decimal-float --disable-libffi --disable-libgomp --disable-libmudflap --disable-libquadmath --disable-libssp --disable-libstdcxx-pch --disable-nls --disable-shared --disable-threads --disable-tls --enable-languages=c,c++ --with-newlib --disable-nls --disable-shared --disable-threads --with-gnu-as --with-gnu-ld --with-gmp --with-mpfr --with-mpc --with-headers=yes --with-system-zlib --with-sysroot=/usr/arm-none-eabi
Thread model: single
Supported LTO compression algorithms: zlib
gcc version 12.2.0 (Fedora 12.2.0-1.fc37) 
COLLECT_GCC_OPTIONS='-mcpu=cortex-m0plus' '-mthumb' '-v' '-o' 'CMakeFiles/cmTC_89332.dir/CMakeCXXCompilerABI.cpp.obj' '-c' '-mfloat-abi=soft' '-mlibarch=armv6s-m' '-march=armv6s-m' '-dumpdir' 'CMakeFiles/cmTC_89332.dir/'
 /usr/libexec/gcc/arm-none-eabi/12.2.0/cc1plus -quiet -v -imultilib thumb/v6-m/nofp -D__USES_INITFINI__ /usr/share/cmake/Modules/CMakeCXXCompilerABI.cpp -quiet -dumpdir CMakeFiles/cmTC_89332.dir/ -dumpbase CMakeCXXCompilerABI.cpp.cpp -dumpbase-ext .cpp -mcpu=cortex-m0plus -mthumb -mfloat-abi=soft -mlibarch=armv6s-m -march=armv6s-m -version -o /tmp/ccmwyKp1.s
GNU C++17 (Fedora 12.2.0-1.fc37) version 12.2.0 (arm-none-eabi)
	compiled by GNU C version 12.2.1 20220819 (Red Hat 12.2.1-1), GMP version 6.2.1, MPFR version 4.1.0-p13, MPC version 1.2.1, isl version none
GGC heuristics: --param ggc-min-expand=100 --param ggc-min-heapsize=131072
ignoring nonexistent directory "/usr/arm-none-eabi/usr/local/include"
ignoring nonexistent directory "/usr/arm-none-eabi/usr/include"
#include "..." search starts here:
#include <...> search starts here:
 /usr/lib/gcc/arm-none-eabi/12.2.0/../../../../arm-none-eabi/include/c++/12.2.0
 /usr/lib/gcc/arm-none-eabi/12.2.0/../../../../arm-none-eabi/include/c++/12.2.0/arm-none-eabi/thumb/v6-m/nofp
 /usr/lib/gcc/arm-none-eabi/12.2.0/../../../../arm-none-eabi/include/c++/12.2.0/backward
 /usr/lib/gcc/arm-none-eabi/12.2.0/include
 /usr/lib/gcc/arm-none-eabi/12.2.0/include-fixed
 /usr/lib/gcc/arm-none-eabi/12.2.0/../../../../arm-none-eabi/include
End of search list.
GNU C++17 (Fedora 12.2.0-1.fc37) version 12.2.0 (arm-none-eabi)
	compiled by GNU C version 12.2.1 20220819 (Red Hat 12.2.1-1), GMP version 6.2.1, MPFR version 4.1.0-p13, MPC version 1.2.1, isl version none
GGC heuristics: --param ggc-min-expand=100 --param ggc-min-heapsize=131072
Compiler executable checksum: 2032e2d3754a6cbe0e745e94bf0c7e69
COLLECT_GCC_OPTIONS='-mcpu=cortex-m0plus' '-mthumb' '-v' '-o' 'CMakeFiles/cmTC_89332.dir/CMakeCXXCompilerABI.cpp.obj' '-c' '-mfloat-abi=soft' '-mlibarch=armv6s-m' '-march=armv6s-m' '-dumpdir' 'CMakeFiles/cmTC_89332.dir/'
 /usr/lib/gcc/arm-none-eabi/12.2.0/../../../../arm-none-eabi/bin/as -v -march=armv6s-m -mfloat-abi=soft -meabi=5 -o CMakeFiles/cmTC_89332.dir/CMakeCXXCompilerABI.cpp.obj /tmp/ccmwyKp1.s
GNU assembler version 2.40 (arm-none-eabi) using BFD version (Fedora 2.40-1.fc37) 2.40
COMPILER_PATH=/usr/libexec/gcc/arm-none-eabi/12.2.0/:/usr/libexec/gcc/arm-none-eabi/12.2.0/:/usr/libexec/gcc/arm-none-eabi/:/usr/lib/gcc/arm-none-eabi/12.2.0/:/usr/lib/gcc/arm-none-eabi/:/usr/lib/gcc/arm-none-eabi/12.2.0/../../../../arm-none-eabi/bin/
LIBRARY_PATH=/usr/lib/gcc/arm-none-eabi/12.2.0/thumb/v6-m/nofp/:/usr/lib/gcc/arm-none-eabi/12.2.0/../../../../arm-none-eabi/lib/thumb/v6-m/nofp/:/usr/arm-none-eabi/lib/thumb/v6-m/nofp/:/usr/lib/gcc/arm-none-eabi/12.2.0/:/usr/lib/gcc/arm-none-eabi/12.2.0/../../../../arm-none-eabi/lib/:/usr/arm-none-eabi/lib/
COLLECT_GCC_OPTIONS='-mcpu=cortex-m0plus' '-mthumb' '-v' '-o' 'CMakeFiles/cmTC_89332.dir/CMakeCXXCompilerABI.cpp.obj' '-c' '-mfloat-abi=soft' '-mlibarch=armv6s-m' '-march=armv6s-m' '-dumpdir' 'CMakeFiles/cmTC_89332.dir/CMakeCXXCompilerABI.cpp.'
Linking CXX executable cmTC_89332.elf
/usr/bin/cmake -E cmake_link_script CMakeFiles/cmTC_89332.dir/link.txt --verbose=1
/usr/bin/arm-none-eabi-g++ -mcpu=cortex-m0plus -mthumb  -Wl,--build-id=none -nostdlib  -v CMakeFiles/cmTC_89332.dir/CMakeCXXCompilerABI.cpp.obj -o cmTC_89332.elf 
Using built-in specs.
COLLECT_GCC=/usr/bin/arm-none-eabi-g++
COLLECT_LTO_WRAPPER=/usr/libexec/gcc/arm-none-eabi/12.2.0/lto-wrapper
Target: arm-none-eabi
Configured with: ../gcc-12.2.0/configure --prefix=/usr --mandir=/usr/share/man --with-pkgversion='Fedora 12.2.0-1.fc37' --with-bugurl=https://bugzilla.redhat.com/ --infodir=/usr/share/info --target=arm-none-eabi --enable-interwork --enable-multilib --with-python-dir=share/arm-none-eabi/gcc-12.2.0/python --with-multilib-list=rmprofile --enable-plugins --disable-decimal-float --disable-libffi --disable-libgomp --disable-libmudflap --disable-libquadmath --disable-libssp --disable-libstdcxx-pch --disable-nls --disable-shared --disable-threads --disable-tls --enable-languages=c,c++ --with-newlib --disable-nls --disable-shared --disable-threads --with-gnu-as --with-gnu-ld --with-gmp --with-mpfr --with-mpc --with-headers=yes --with-system-zlib --with-sysroot=/usr/arm-none-eabi
Thread model: single
Supported LTO compression algorithms: zlib
gcc version 12.2.0 (Fedora 12.2.0-1.fc37) 
COMPILER_PATH=/usr/libexec/gcc/arm-none-eabi/12.2.0/:/usr/libexec/gcc/arm-none-eabi/12.2.0/:/usr/libexec/gcc/arm-none-eabi/:/usr/lib/gcc/arm-none-eabi/12.2.0/:/usr/lib/gcc/arm-none-eabi/:/usr/lib/gcc/arm-none-eabi/12.2.0/../../../../arm-none-eabi/bin/
LIBRARY_PATH=/usr/lib/gcc/arm-none-eabi/12.2.0/thumb/v6-m/nofp/:/usr/lib/gcc/arm-none-eabi/12.2.0/../../../../arm-none-eabi/lib/thumb/v6-m/nofp/:/usr/arm-none-eabi/lib/thumb/v6-m/nofp/:/usr/lib/gcc/arm-none-eabi/12.2.0/:/usr/lib/gcc/arm-none-eabi/12.2.0/../../../../arm-none-eabi/lib/:/usr/arm-none-eabi/lib/
COLLECT_GCC_OPTIONS='-mcpu=cortex-m0plus' '-mthumb' '-nostdlib' '-v' '-o' 'cmTC_89332.elf' '-mfloat-abi=soft' '-mlibarch=armv6s-m' '-march=armv6s-m' '-dumpdir' 'cmTC_89332.elf.'
 /usr/libexec/gcc/arm-none-eabi/12.2.0/collect2 -plugin /usr/libexec/gcc/arm-none-eabi/12.2.0/liblto_plugin.so -plugin-opt=/usr/libexec/gcc/arm-none-eabi/12.2.0/lto-wrapper -plugin-opt=-fresolution=/tmp/cclk8pBH.res --sysroot=/usr/arm-none-eabi -X -o cmTC_89332.elf -L/usr/lib/gcc/arm-none-eabi/12.2.0/thumb/v6-m/nofp -L/usr/lib/gcc/arm-none-eabi/12.2.0/../../../../arm-none-eabi/lib/thumb/v6-m/nofp -L/usr/arm-none-eabi/lib/thumb/v6-m/nofp -L/usr/lib/gcc/arm-none-eabi/12.2.0 -L/usr/lib/gcc/arm-none-eabi/12.2.0/../../../../arm-none-eabi/lib -L/usr/arm-none-eabi/lib --build-id=none CMakeFiles/cmTC_89332.dir/CMakeCXXCompilerABI.cpp.obj
/usr/lib/gcc/arm-none-eabi/12.2.0/../../../../arm-none-eabi/bin/ld: warning: cannot find entry symbol _start; defaulting to 00008000
COLLECT_GCC_OPTIONS='-mcpu=cortex-m0plus' '-mthumb' '-nostdlib' '-v' '-o' 'cmTC_89332.elf' '-mfloat-abi=soft' '-mlibarch=armv6s-m' '-march=armv6s-m' '-dumpdir' 'cmTC_89332.elf.'
gmake[1]: Leaving directory '/home/paok/Documents/Pico-Testing/build/CMakeFiles/CMakeScratch/TryCompile-iWp91x'



Parsed CXX implicit include dir info from above output: rv=done
  found start of include info
  found start of implicit include info
    add: [/usr/lib/gcc/arm-none-eabi/12.2.0/../../../../arm-none-eabi/include/c++/12.2.0]
    add: [/usr/lib/gcc/arm-none-eabi/12.2.0/../../../../arm-none-eabi/include/c++/12.2.0/arm-none-eabi/thumb/v6-m/nofp]
    add: [/usr/lib/gcc/arm-none-eabi/12.2.0/../../../../arm-none-eabi/include/c++/12.2.0/backward]
    add: [/usr/lib/gcc/arm-none-eabi/12.2.0/include]
    add: [/usr/lib/gcc/arm-none-eabi/12.2.0/include-fixed]
    add: [/usr/lib/gcc/arm-none-eabi/12.2.0/../../../../arm-none-eabi/include]
  end of search list found
  collapse include dir [/usr/lib/gcc/arm-none-eabi/12.2.0/../../../../arm-none-eabi/include/c++/12.2.0] ==> [/usr/arm-none-eabi/include/c++/12.2.0]
  collapse include dir [/usr/lib/gcc/arm-none-eabi/12.2.0/../../../../arm-none-eabi/include/c++/12.2.0/arm-none-eabi/thumb/v6-m/nofp] ==> [/usr/arm-none-eabi/include/c++/12.2.0/arm-none-eabi/thumb/v6-m/nofp]
  collapse include dir [/usr/lib/gcc/arm-none-eabi/12.2.0/../../../../arm-none-eabi/include/c++/12.2.0/backward] ==> [/usr/arm-none-eabi/include/c++/12.2.0/backward]
  collapse include dir [/usr/lib/gcc/arm-none-eabi/12.2.0/include] ==> [/usr/lib/gcc/arm-none-eabi/12.2.0/include]
  collapse include dir [/usr/lib/gcc/arm-none-eabi/12.2.0/include-fixed] ==> [/usr/lib/gcc/arm-none-eabi/12.2.0/include-fixed]
  collapse include dir [/usr/lib/gcc/arm-none-eabi/12.2.0/../../../../arm-none-eabi/include] ==> [/usr/arm-none-eabi/include]
  implicit include dirs: [/usr/arm-none-eabi/include/c++/12.2.0;/usr/arm-none-eabi/include/c++/12.2.0/arm-none-eabi/thumb/v6-m/nofp;/usr/arm-none-eabi/include/c++/12.2.0/backward;/usr/lib/gcc/arm-none-eabi/12.2.0/include;/usr/lib/gcc/arm-none-eabi/12.2.0/include-fixed;/usr/arm-none-eabi/include]


Parsed CXX implicit link information from above output:
  link line regex: [^( *|.*[/\])(arm-none-eabi-ld|CMAKE_LINK_STARTFILE-NOTFOUND|([^/\]+-)?ld|collect2)[^/\]*( |$)]
  ignore line: [Change Dir: /home/paok/Documents/Pico-Testing/build/CMakeFiles/CMakeScratch/TryCompile-iWp91x]
  ignore line: []
  ignore line: [Run Build Command(s):/usr/bin/gmake -f Makefile cmTC_89332/fast && /usr/bin/gmake  -f CMakeFiles/cmTC_89332.dir/build.make CMakeFiles/cmTC_89332.dir/build]
  ignore line: [gmake[1]: Entering directory '/home/paok/Documents/Pico-Testing/build/CMakeFiles/CMakeScratch/TryCompile-iWp91x']
  ignore line: [Building CXX object CMakeFiles/cmTC_89332.dir/CMakeCXXCompilerABI.cpp.obj]
  ignore line: [/usr/bin/arm-none-eabi-g++   -mcpu=cortex-m0plus -mthumb    -v -o CMakeFiles/cmTC_89332.dir/CMakeCXXCompilerABI.cpp.obj -c /usr/share/cmake/Modules/CMakeCXXCompilerABI.cpp]
  ignore line: [Using built-in specs.]
  ignore line: [COLLECT_GCC=/usr/bin/arm-none-eabi-g++]
  ignore line: [Target: arm-none-eabi]
  ignore line: [Configured with: ../gcc-12.2.0/configure --prefix=/usr --mandir=/usr/share/man --with-pkgversion='Fedora 12.2.0-1.fc37' --with-bugurl=https://bugzilla.redhat.com/ --infodir=/usr/share/info --target=arm-none-eabi --enable-interwork --enable-multilib --with-python-dir=share/arm-none-eabi/gcc-12.2.0/python --with-multilib-list=rmprofile --enable-plugins --disable-decimal-float --disable-libffi --disable-libgomp --disable-libmudflap --disable-libquadmath --disable-libssp --disable-libstdcxx-pch --disable-nls --disable-shared --disable-threads --disable-tls --enable-languages=c,c++ --with-newlib --disable-nls --disable-shared --disable-threads --with-gnu-as --with-gnu-ld --with-gmp --with-mpfr --with-mpc --with-headers=yes --with-system-zlib --with-sysroot=/usr/arm-none-eabi]
  ignore line: [Thread model: single]
  ignore line: [Supported LTO compression algorithms: zlib]
  ignore line: [gcc version 12.2.0 (Fedora 12.2.0-1.fc37) ]
  ignore line: [COLLECT_GCC_OPTIONS='-mcpu=cortex-m0plus' '-mthumb' '-v' '-o' 'CMakeFiles/cmTC_89332.dir/CMakeCXXCompilerABI.cpp.obj' '-c' '-mfloat-abi=soft' '-mlibarch=armv6s-m' '-march=armv6s-m' '-dumpdir' 'CMakeFiles/cmTC_89332.dir/']
  ignore line: [ /usr/libexec/gcc/arm-none-eabi/12.2.0/cc1plus -quiet -v -imultilib thumb/v6-m/nofp -D__USES_INITFINI__ /usr/share/cmake/Modules/CMakeCXXCompilerABI.cpp -quiet -dumpdir CMakeFiles/cmTC_89332.dir/ -dumpbase CMakeCXXCompilerABI.cpp.cpp -dumpbase-ext .cpp -mcpu=cortex-m0plus -mthumb -mfloat-abi=soft -mlibarch=armv6s-m -march=armv6s-m -version -o /tmp/ccmwyKp1.s]
  ignore line: [GNU C++17 (Fedora 12.2.0-1.fc37) version 12.2.0 (arm-none-eabi)]
  ignore line: [	compiled by GNU C version 12.2.1 20220819 (Red Hat 12.2.1-1)  GMP version 6.2.1  MPFR version 4.1.0-p13  MPC version 1.2.1  isl version none]
  ignore line: [GGC heuristics: --param ggc-min-expand=100 --param ggc-min-heapsize=131072]
  ignore line: [ignoring nonexistent directory "/usr/arm-none-eabi/usr/local/include"]
  ignore line: [ignoring nonexistent directory "/usr/arm-none-eabi/usr/include"]
  ignore line: [#include "..." search starts here:]
  ignore line: [#include <...> search starts here:]
  ignore line: [ /usr/lib/gcc/arm-none-eabi/12.2.0/../../../../arm-none-eabi/include/c++/12.2.0]
  ignore line: [ /usr/lib/gcc/arm-none-eabi/12.2.0/../../../../arm-none-eabi/include/c++/12.2.0/arm-none-eabi/thumb/v6-m/nofp]
  ignore line: [ /usr/lib/gcc/arm-none-eabi/12.2.0/../../../../arm-none-eabi/include/c++/12.2.0/backward]
  ignore line: [ /usr/lib/gcc/arm-none-eabi/12.2.0/include]
  ignore line: [ /usr/lib/gcc/arm-none-eabi/12.2.0/include-fixed]
  ignore line: [ /usr/lib/gcc/arm-none-eabi/12.2.0/../../../../arm-none-eabi/include]
  ignore line: [End of search list.]
  ignore line: [GNU C++17 (Fedora 12.2.0-1.fc37) version 12.2.0 (arm-none-eabi)]
  ignore line: [	compiled by GNU C version 12.2.1 20220819 (Red Hat 12.2.1-1)  GMP version 6.2.1  MPFR version 4.1.0-p13  MPC version 1.2.1  isl version none]
  ignore line: [GGC heuristics: --param ggc-min-expand=100 --param ggc-min-heapsize=131072]
  ignore line: [Compiler executable checksum: 2032e2d3754a6cbe0e745e94bf0c7e69]
  ignore line: [COLLECT_GCC_OPTIONS='-mcpu=cortex-m0plus' '-mthumb' '-v' '-o' 'CMakeFiles/cmTC_89332.dir/CMakeCXXCompilerABI.cpp.obj' '-c' '-mfloat-abi=soft' '-mlibarch=armv6s-m' '-march=armv6s-m' '-dumpdir' 'CMakeFiles/cmTC_89332.dir/']
  ignore line: [ /usr/lib/gcc/arm-none-eabi/12.2.0/../../../../arm-none-eabi/bin/as -v -march=armv6s-m -mfloat-abi=soft -meabi=5 -o CMakeFiles/cmTC_89332.dir/CMakeCXXCompilerABI.cpp.obj /tmp/ccmwyKp1.s]
  ignore line: [GNU assembler version 2.40 (arm-none-eabi) using BFD version (Fedora 2.40-1.fc37) 2.40]
  ignore line: [COMPILER_PATH=/usr/libexec/gcc/arm-none-eabi/12.2.0/:/usr/libexec/gcc/arm-none-eabi/12.2.0/:/usr/libexec/gcc/arm-none-eabi/:/usr/lib/gcc/arm-none-eabi/12.2.0/:/usr/lib/gcc/arm-none-eabi/:/usr/lib/gcc/arm-none-eabi/12.2.0/../../../../arm-none-eabi/bin/]
  ignore line: [LIBRARY_PATH=/usr/lib/gcc/arm-none-eabi/12.2.0/thumb/v6-m/nofp/:/usr/lib/gcc/arm-none-eabi/12.2.0/../../../../arm-none-eabi/lib/thumb/v6-m/nofp/:/usr/arm-none-eabi/lib/thumb/v6-m/nofp/:/usr/lib/gcc/arm-none-eabi/12.2.0/:/usr/lib/gcc/arm-none-eabi/12.2.0/../../../../arm-none-eabi/lib/:/usr/arm-none-eabi/lib/]
  ignore line: [COLLECT_GCC_OPTIONS='-mcpu=cortex-m0plus' '-mthumb' '-v' '-o' 'CMakeFiles/cmTC_89332.dir/CMakeCXXCompilerABI.cpp.obj' '-c' '-mfloat-abi=soft' '-mlibarch=armv6s-m' '-march=armv6s-m' '-dumpdir' 'CMakeFiles/cmTC_89332.dir/CMakeCXXCompilerABI.cpp.']
  ignore line: [Linking CXX executable cmTC_89332.elf]
  ignore line: [/usr/bin/cmake -E cmake_link_script CMakeFiles/cmTC_89332.dir/link.txt --verbose=1]
  ignore line: [/usr/bin/arm-none-eabi-g++ -mcpu=cortex-m0plus -mthumb  -Wl --build-id=none -nostdlib  -v CMakeFiles/cmTC_89332.dir/CMakeCXXCompilerABI.cpp.obj -o cmTC_89332.elf ]
  ignore line: [Using built-in specs.]
  ignore line: [COLLECT_GCC=/usr/bin/arm-none-eabi-g++]
  ignore line: [COLLECT_LTO_WRAPPER=/usr/libexec/gcc/arm-none-eabi/12.2.0/lto-wrapper]
  ignore line: [Target: arm-none-eabi]
  ignore line: [Configured with: ../gcc-12.2.0/configure --prefix=/usr --mandir=/usr/share/man --with-pkgversion='Fedora 12.2.0-1.fc37' --with-bugurl=https://bugzilla.redhat.com/ --infodir=/usr/share/info --target=arm-none-eabi --enable-interwork --enable-multilib --with-python-dir=share/arm-none-eabi/gcc-12.2.0/python --with-multilib-list=rmprofile --enable-plugins --disable-decimal-float --disable-libffi --disable-libgomp --disable-libmudflap --disable-libquadmath --disable-libssp --disable-libstdcxx-pch --disable-nls --disable-shared --disable-threads --disable-tls --enable-languages=c,c++ --with-newlib --disable-nls --disable-shared --disable-threads --with-gnu-as --with-gnu-ld --with-gmp --with-mpfr --with-mpc --with-headers=yes --with-system-zlib --with-sysroot=/usr/arm-none-eabi]
  ignore line: [Thread model: single]
  ignore line: [Supported LTO compression algorithms: zlib]
  ignore line: [gcc version 12.2.0 (Fedora 12.2.0-1.fc37) ]
  ignore line: [COMPILER_PATH=/usr/libexec/gcc/arm-none-eabi/12.2.0/:/usr/libexec/gcc/arm-none-eabi/12.2.0/:/usr/libexec/gcc/arm-none-eabi/:/usr/lib/gcc/arm-none-eabi/12.2.0/:/usr/lib/gcc/arm-none-eabi/:/usr/lib/gcc/arm-none-eabi/12.2.0/../../../../arm-none-eabi/bin/]
  ignore line: [LIBRARY_PATH=/usr/lib/gcc/arm-none-eabi/12.2.0/thumb/v6-m/nofp/:/usr/lib/gcc/arm-none-eabi/12.2.0/../../../../arm-none-eabi/lib/thumb/v6-m/nofp/:/usr/arm-none-eabi/lib/thumb/v6-m/nofp/:/usr/lib/gcc/arm-none-eabi/12.2.0/:/usr/lib/gcc/arm-none-eabi/12.2.0/../../../../arm-none-eabi/lib/:/usr/arm-none-eabi/lib/]
  ignore line: [COLLECT_GCC_OPTIONS='-mcpu=cortex-m0plus' '-mthumb' '-nostdlib' '-v' '-o' 'cmTC_89332.elf' '-mfloat-abi=soft' '-mlibarch=armv6s-m' '-march=armv6s-m' '-dumpdir' 'cmTC_89332.elf.']
  link line: [ /usr/libexec/gcc/arm-none-eabi/12.2.0/collect2 -plugin /usr/libexec/gcc/arm-none-eabi/12.2.0/liblto_plugin.so -plugin-opt=/usr/libexec/gcc/arm-none-eabi/12.2.0/lto-wrapper -plugin-opt=-fresolution=/tmp/cclk8pBH.res --sysroot=/usr/arm-none-eabi -X -o cmTC_89332.elf -L/usr/lib/gcc/arm-none-eabi/12.2.0/thumb/v6-m/nofp -L/usr/lib/gcc/arm-none-eabi/12.2.0/../../../../arm-none-eabi/lib/thumb/v6-m/nofp -L/usr/arm-none-eabi/lib/thumb/v6-m/nofp -L/usr/lib/gcc/arm-none-eabi/12.2.0 -L/usr/lib/gcc/arm-none-eabi/12.2.0/../../../../arm-none-eabi/lib -L/usr/arm-none-eabi/lib --build-id=none CMakeFiles/cmTC_89332.dir/CMakeCXXCompilerABI.cpp.obj]
    arg [/usr/libexec/gcc/arm-none-eabi/12.2.0/collect2] ==> ignore
    arg [-plugin] ==> ignore
    arg [/usr/libexec/gcc/arm-none-eabi/12.2.0/liblto_plugin.so] ==> ignore
    arg [-plugin-opt=/usr/libexec/gcc/arm-none-eabi/12.2.0/lto-wrapper] ==> ignore
    arg [-plugin-opt=-fresolution=/tmp/cclk8pBH.res] ==> ignore
    arg [--sysroot=/usr/arm-none-eabi] ==> ignore
    arg [-X] ==> ignore
    arg [-o] ==> ignore
    arg [cmTC_89332.elf] ==> ignore
    arg [-L/usr/lib/gcc/arm-none-eabi/12.2.0/thumb/v6-m/nofp] ==> dir [/usr/lib/gcc/arm-none-eabi/12.2.0/thumb/v6-m/nofp]
    arg [-L/usr/lib/gcc/arm-none-eabi/12.2.0/../../../../arm-none-eabi/lib/thumb/v6-m/nofp] ==> dir [/usr/lib/gcc/arm-none-eabi/12.2.0/../../../../arm-none-eabi/lib/thumb/v6-m/nofp]
    arg [-L/usr/arm-none-eabi/lib/thumb/v6-m/nofp] ==> dir [/usr/arm-none-eabi/lib/thumb/v6-m/nofp]
    arg [-L/usr/lib/gcc/arm-none-eabi/12.2.0] ==> dir [/usr/lib/gcc/arm-none-eabi/12.2.0]
    arg [-L/usr/lib/gcc/arm-none-eabi/12.2.0/../../../../arm-none-eabi/lib] ==> dir [/usr/lib/gcc/arm-none-eabi/12.2.0/../../../../arm-none-eabi/lib]
    arg [-L/usr/arm-none-eabi/lib] ==> dir [/usr/arm-none-eabi/lib]
    arg [--build-id=none] ==> ignore
    arg [CMakeFiles/cmTC_89332.dir/CMakeCXXCompilerABI.cpp.obj] ==> ignore
  collapse library dir [/usr/lib/gcc/arm-none-eabi/12.2.0/thumb/v6-m/nofp] ==> [/usr/lib/gcc/arm-none-eabi/12.2.0/thumb/v6-m/nofp]
  collapse library dir [/usr/lib/gcc/arm-none-eabi/12.2.0/../../../../arm-none-eabi/lib/thumb/v6-m/nofp] ==> [/usr/arm-none-eabi/lib/thumb/v6-m/nofp]
  collapse library dir [/usr/arm-none-eabi/lib/thumb/v6-m/nofp] ==> [/usr/arm-none-eabi/lib/thumb/v6-m/nofp]
  collapse library dir [/usr/lib/gcc/arm-none-eabi/12.2.0] ==> [/usr/lib/gcc/arm-none-eabi/12.2.0]
  collapse library dir [/usr/lib/gcc/arm-none-eabi/12.2.0/../../../../arm-none-eabi/lib] ==> [/usr/arm-none-eabi/lib]
  collapse library dir [/usr/arm-none-eabi/lib] ==> [/usr/arm-none-eabi/lib]
  implicit libs: []
  implicit objs: []
  implicit dirs: [/usr/lib/gcc/arm-none-eabi/12.2.0/thumb/v6-m/nofp;/usr/arm-none-eabi/lib/thumb/v6-m/nofp;/usr/lib/gcc/arm-none-eabi/12.2.0;/usr/arm-none-eabi/lib]
  implicit fwks: []


Detecting C compiler ABI info compiled with the following output:
Change Dir: /home/paok/Documents/Pico-Testing/build/CMakeFiles/CMakeScratch/TryCompile-QEHstE

Run Build Command(s):/usr/bin/gmake -f Makefile cmTC_2bdc7/fast && /usr/bin/gmake  -f CMakeFiles/cmTC_2bdc7.dir/build.make CMakeFiles/cmTC_2bdc7.dir/build
gmake[1]: Entering directory '/home/paok/Documents/Pico-Testing/build/CMakeFiles/CMakeScratch/TryCompile-QEHstE'
Building C object CMakeFiles/cmTC_2bdc7.dir/CMakeCCompilerABI.c.obj
/usr/bin/arm-none-eabi-gcc   -mcpu=cortex-m0plus -mthumb    -v -o CMakeFiles/cmTC_2bdc7.dir/CMakeCCompilerABI.c.obj -c /usr/share/cmake/Modules/CMakeCCompilerABI.c
Using built-in specs.
COLLECT_GCC=/usr/bin/arm-none-eabi-gcc
Target: arm-none-eabi
Configured with: ../gcc-12.2.0/configure --prefix=/usr --mandir=/usr/share/man --with-pkgversion='Fedora 12.2.0-1.fc37' --with-bugurl=https://bugzilla.redhat.com/ --infodir=/usr/share/info --target=arm-none-eabi --enable-interwork --enable-multilib --with-python-dir=share/arm-none-eabi/gcc-12.2.0/python --with-multilib-list=rmprofile --enable-plugins --disable-decimal-float --disable-libffi --disable-libgomp --disable-libmudflap --disable-libquadmath --disable-libssp --disable-libstdcxx-pch --disable-nls --disable-shared --disable-threads --disable-tls --enable-languages=c,c++ --with-newlib --disable-nls --disable-shared --disable-threads --with-gnu-as --with-gnu-ld --with-gmp --with-mpfr --with-mpc --with-headers=yes --with-system-zlib --with-sysroot=/usr/arm-none-eabi
Thread model: single
Supported LTO compression algorithms: zlib
gcc version 12.2.0 (Fedora 12.2.0-1.fc37) 
COLLECT_GCC_OPTIONS='-mcpu=cortex-m0plus' '-mthumb' '-v' '-o' 'CMakeFiles/cmTC_2bdc7.dir/CMakeCCompilerABI.c.obj' '-c' '-mfloat-abi=soft' '-mlibarch=armv6s-m' '-march=armv6s-m' '-dumpdir' 'CMakeFiles/cmTC_2bdc7.dir/'
 /usr/libexec/gcc/arm-none-eabi/12.2.0/cc1 -quiet -v -imultilib thumb/v6-m/nofp -D__USES_INITFINI__ /usr/share/cmake/Modules/CMakeCCompilerABI.c -quiet -dumpdir CMakeFiles/cmTC_2bdc7.dir/ -dumpbase CMakeCCompilerABI.c.c -dumpbase-ext .c -mcpu=cortex-m0plus -mthumb -mfloat-abi=soft -mlibarch=armv6s-m -march=armv6s-m -version -o /tmp/ccpZHvBy.s
GNU C17 (Fedora 12.2.0-1.fc37) version 12.2.0 (arm-none-eabi)
	compiled by GNU C version 12.2.1 20220819 (Red Hat 12.2.1-1), GMP version 6.2.1, MPFR version 4.1.0-p13, MPC version 1.2.1, isl version none
GGC heuristics: --param ggc-min-expand=100 --param ggc-min-heapsize=131072
ignoring nonexistent directory "/usr/arm-none-eabi/usr/local/include"
ignoring nonexistent directory "/usr/arm-none-eabi/usr/include"
#include "..." search starts here:
#include <...> search starts here:
 /usr/lib/gcc/arm-none-eabi/12.2.0/include
 /usr/lib/gcc/arm-none-eabi/12.2.0/include-fixed
 /usr/lib/gcc/arm-none-eabi/12.2.0/../../../../arm-none-eabi/include
End of search list.
GNU C17 (Fedora 12.2.0-1.fc37) version 12.2.0 (arm-none-eabi)
	compiled by GNU C version 12.2.1 20220819 (Red Hat 12.2.1-1), GMP version 6.2.1, MPFR version 4.1.0-p13, MPC version 1.2.1, isl version none
GGC heuristics: --param ggc-min-expand=100 --param ggc-min-heapsize=131072
Compiler executable checksum: 70164f1dbf9293d685adda517863cb76
COLLECT_GCC_OPTIONS='-mcpu=cortex-m0plus' '-mthumb' '-v' '-o' 'CMakeFiles/cmTC_2bdc7.dir/CMakeCCompilerABI.c.obj' '-c' '-mfloat-abi=soft' '-mlibarch=armv6s-m' '-march=armv6s-m' '-dumpdir' 'CMakeFiles/cmTC_2bdc7.dir/'
 /usr/lib/gcc/arm-none-eabi/12.2.0/../../../../arm-none-eabi/bin/as -v -march=armv6s-m -mfloat-abi=soft -meabi=5 -o CMakeFiles/cmTC_2bdc7.dir/CMakeCCompilerABI.c.obj /tmp/ccpZHvBy.s
GNU assembler version 2.40 (arm-none-eabi) using BFD version (Fedora 2.40-1.fc37) 2.40
COMPILER_PATH=/usr/libexec/gcc/arm-none-eabi/12.2.0/:/usr/libexec/gcc/arm-none-eabi/12.2.0/:/usr/libexec/gcc/arm-none-eabi/:/usr/lib/gcc/arm-none-eabi/12.2.0/:/usr/lib/gcc/arm-none-eabi/:/usr/lib/gcc/arm-none-eabi/12.2.0/../../../../arm-none-eabi/bin/
LIBRARY_PATH=/usr/lib/gcc/arm-none-eabi/12.2.0/thumb/v6-m/nofp/:/usr/lib/gcc/arm-none-eabi/12.2.0/../../../../arm-none-eabi/lib/thumb/v6-m/nofp/:/usr/arm-none-eabi/lib/thumb/v6-m/nofp/:/usr/lib/gcc/arm-none-eabi/12.2.0/:/usr/lib/gcc/arm-none-eabi/12.2.0/../../../../arm-none-eabi/lib/:/usr/arm-none-eabi/lib/
COLLECT_GCC_OPTIONS='-mcpu=cortex-m0plus' '-mthumb' '-v' '-o' 'CMakeFiles/cmTC_2bdc7.dir/CMakeCCompilerABI.c.obj' '-c' '-mfloat-abi=soft' '-mlibarch=armv6s-m' '-march=armv6s-m' '-dumpdir' 'CMakeFiles/cmTC_2bdc7.dir/CMakeCCompilerABI.c.'
Linking C executable cmTC_2bdc7.elf
/usr/bin/cmake -E cmake_link_script CMakeFiles/cmTC_2bdc7.dir/link.txt --verbose=1
/usr/bin/arm-none-eabi-gcc -mcpu=cortex-m0plus -mthumb  -Wl,--build-id=none -nostdlib  -v CMakeFiles/cmTC_2bdc7.dir/CMakeCCompilerABI.c.obj -o cmTC_2bdc7.elf 
Using built-in specs.
COLLECT_GCC=/usr/bin/arm-none-eabi-gcc
COLLECT_LTO_WRAPPER=/usr/libexec/gcc/arm-none-eabi/12.2.0/lto-wrapper
Target: arm-none-eabi
Configured with: ../gcc-12.2.0/configure --prefix=/usr --mandir=/usr/share/man --with-pkgversion='Fedora 12.2.0-1.fc37' --with-bugurl=https://bugzilla.redhat.com/ --infodir=/usr/share/info --target=arm-none-eabi --enable-interwork --enable-multilib --with-python-dir=share/arm-none-eabi/gcc-12.2.0/python --with-multilib-list=rmprofile --enable-plugins --disable-decimal-float --disable-libffi --disable-libgomp --disable-libmudflap --disable-libquadmath --disable-libssp --disable-libstdcxx-pch --disable-nls --disable-shared --disable-threads --disable-tls --enable-languages=c,c++ --with-newlib --disable-nls --disable-shared --disable-threads --with-gnu-as --with-gnu-ld --with-gmp --with-mpfr --with-mpc --with-headers=yes --with-system-zlib --with-sysroot=/usr/arm-none-eabi
Thread model: single
Supported LTO compression algorithms: zlib
gcc version 12.2.0 (Fedora 12.2.0-1.fc37) 
COMPILER_PATH=/usr/libexec/gcc/arm-none-eabi/12.2.0/:/usr/libexec/gcc/arm-none-eabi/12.2.0/:/usr/libexec/gcc/arm-none-eabi/:/usr/lib/gcc/arm-none-eabi/12.2.0/:/usr/lib/gcc/arm-none-eabi/:/usr/lib/gcc/arm-none-eabi/12.2.0/../../../../arm-none-eabi/bin/
LIBRARY_PATH=/usr/lib/gcc/arm-none-eabi/12.2.0/thumb/v6-m/nofp/:/usr/lib/gcc/arm-none-eabi/12.2.0/../../../../arm-none-eabi/lib/thumb/v6-m/nofp/:/usr/arm-none-eabi/lib/thumb/v6-m/nofp/:/usr/lib/gcc/arm-none-eabi/12.2.0/:/usr/lib/gcc/arm-none-eabi/12.2.0/../../../../arm-none-eabi/lib/:/usr/arm-none-eabi/lib/
COLLECT_GCC_OPTIONS='-mcpu=cortex-m0plus' '-mthumb' '-nostdlib' '-v' '-o' 'cmTC_2bdc7.elf' '-mfloat-abi=soft' '-mlibarch=armv6s-m' '-march=armv6s-m' '-dumpdir' 'cmTC_2bdc7.elf.'
 /usr/libexec/gcc/arm-none-eabi/12.2.0/collect2 -plugin /usr/libexec/gcc/arm-none-eabi/12.2.0/liblto_plugin.so -plugin-opt=/usr/libexec/gcc/arm-none-eabi/12.2.0/lto-wrapper -plugin-opt=-fresolution=/tmp/ccWgrX2F.res --sysroot=/usr/arm-none-eabi -X -o cmTC_2bdc7.elf -L/usr/lib/gcc/arm-none-eabi/12.2.0/thumb/v6-m/nofp -L/usr/lib/gcc/arm-none-eabi/12.2.0/../../../../arm-none-eabi/lib/thumb/v6-m/nofp -L/usr/arm-none-eabi/lib/thumb/v6-m/nofp -L/usr/lib/gcc/arm-none-eabi/12.2.0 -L/usr/lib/gcc/arm-none-eabi/12.2.0/../../../../arm-none-eabi/lib -L/usr/arm-none-eabi/lib --build-id=none CMakeFiles/cmTC_2bdc7.dir/CMakeCCompilerABI.c.obj
/usr/lib/gcc/arm-none-eabi/12.2.0/../../../../arm-none-eabi/bin/ld: warning: cannot find entry symbol _start; defaulting to 00008000
COLLECT_GCC_OPTIONS='-mcpu=cortex-m0plus' '-mthumb' '-nostdlib' '-v' '-o' 'cmTC_2bdc7.elf' '-mfloat-abi=soft' '-mlibarch=armv6s-m' '-march=armv6s-m' '-dumpdir' 'cmTC_2bdc7.elf.'
gmake[1]: Leaving directory '/home/paok/Documents/Pico-Testing/build/CMakeFiles/CMakeScratch/TryCompile-QEHstE'



Parsed C implicit include dir info from above output: rv=done
  found start of include info
  found start of implicit include info
    add: [/usr/lib/gcc/arm-none-eabi/12.2.0/include]
    add: [/usr/lib/gcc/arm-none-eabi/12.2.0/include-fixed]
    add: [/usr/lib/gcc/arm-none-eabi/12.2.0/../../../../arm-none-eabi/include]
  end of search list found
  collapse include dir [/usr/lib/gcc/arm-none-eabi/12.2.0/include] ==> [/usr/lib/gcc/arm-none-eabi/12.2.0/include]
  collapse include dir [/usr/lib/gcc/arm-none-eabi/12.2.0/include-fixed] ==> [/usr/lib/gcc/arm-none-eabi/12.2.0/include-fixed]
  collapse include dir [/usr/lib/gcc/arm-none-eabi/12.2.0/../../../../arm-none-eabi/include] ==> [/usr/arm-none-eabi/include]
  implicit include dirs: [/usr/lib/gcc/arm-none-eabi/12.2.0/include;/usr/lib/gcc/arm-none-eabi/12.2.0/include-fixed;/usr/arm-none-eabi/include]


Parsed C implicit link information from above output:
  link line regex: [^( *|.*[/\])(arm-none-eabi-ld|CMAKE_LINK_STARTFILE-NOTFOUND|([^/\]+-)?ld|collect2)[^/\]*( |$)]
  ignore line: [Change Dir: /home/paok/Documents/Pico-Testing/build/CMakeFiles/CMakeScratch/TryCompile-QEHstE]
  ignore line: []
  ignore line: [Run Build Command(s):/usr/bin/gmake -f Makefile cmTC_2bdc7/fast && /usr/bin/gmake  -f CMakeFiles/cmTC_2bdc7.dir/build.make CMakeFiles/cmTC_2bdc7.dir/build]
  ignore line: [gmake[1]: Entering directory '/home/paok/Documents/Pico-Testing/build/CMakeFiles/CMakeScratch/TryCompile-QEHstE']
  ignore line: [Building C object CMakeFiles/cmTC_2bdc7.dir/CMakeCCompilerABI.c.obj]
  ignore line: [/usr/bin/arm-none-eabi-gcc   -mcpu=cortex-m0plus -mthumb    -v -o CMakeFiles/cmTC_2bdc7.dir/CMakeCCompilerABI.c.obj -c /usr/share/cmake/Modules/CMakeCCompilerABI.c]
  ignore line: [Using built-in specs.]
  ignore line: [COLLECT_GCC=/usr/bin/arm-none-eabi-gcc]
  ignore line: [Target: arm-none-eabi]
  ignore line: [Configured with: ../gcc-12.2.0/configure --prefix=/usr --mandir=/usr/share/man --with-pkgversion='Fedora 12.2.0-1.fc37' --with-bugurl=https://bugzilla.redhat.com/ --infodir=/usr/share/info --target=arm-none-eabi --enable-interwork --enable-multilib --with-python-dir=share/arm-none-eabi/gcc-12.2.0/python --with-multilib-list=rmprofile --enable-plugins --disable-decimal-float --disable-libffi --disable-libgomp --disable-libmudflap --disable-libquadmath --disable-libssp --disable-libstdcxx-pch --disable-nls --disable-shared --disable-threads --disable-tls --enable-languages=c,c++ --with-newlib --disable-nls --disable-shared --disable-threads --with-gnu-as --with-gnu-ld --with-gmp --with-mpfr --with-mpc --with-headers=yes --with-system-zlib --with-sysroot=/usr/arm-none-eabi]
  ignore line: [Thread model: single]
  ignore line: [Supported LTO compression algorithms: zlib]
  ignore line: [gcc version 12.2.0 (Fedora 12.2.0-1.fc37) ]
  ignore line: [COLLECT_GCC_OPTIONS='-mcpu=cortex-m0plus' '-mthumb' '-v' '-o' 'CMakeFiles/cmTC_2bdc7.dir/CMakeCCompilerABI.c.obj' '-c' '-mfloat-abi=soft' '-mlibarch=armv6s-m' '-march=armv6s-m' '-dumpdir' 'CMakeFiles/cmTC_2bdc7.dir/']
  ignore line: [ /usr/libexec/gcc/arm-none-eabi/12.2.0/cc1 -quiet -v -imultilib thumb/v6-m/nofp -D__USES_INITFINI__ /usr/share/cmake/Modules/CMakeCCompilerABI.c -quiet -dumpdir CMakeFiles/cmTC_2bdc7.dir/ -dumpbase CMakeCCompilerABI.c.c -dumpbase-ext .c -mcpu=cortex-m0plus -mthumb -mfloat-abi=soft -mlibarch=armv6s-m -march=armv6s-m -version -o /tmp/ccpZHvBy.s]
  ignore line: [GNU C17 (Fedora 12.2.0-1.fc37) version 12.2.0 (arm-none-eabi)]
  ignore line: [	compiled by GNU C version 12.2.1 20220819 (Red Hat 12.2.1-1)  GMP version 6.2.1  MPFR version 4.1.0-p13  MPC version 1.2.1  isl version none]
  ignore line: [GGC heuristics: --param ggc-min-expand=100 --param ggc-min-heapsize=131072]
  ignore line: [ignoring nonexistent directory "/usr/arm-none-eabi/usr/local/include"]
  ignore line: [ignoring nonexistent directory "/usr/arm-none-eabi/usr/include"]
  ignore line: [#include "..." search starts here:]
  ignore line: [#include <...> search starts here:]
  ignore line: [ /usr/lib/gcc/arm-none-eabi/12.2.0/include]
  ignore line: [ /usr/lib/gcc/arm-none-eabi/12.2.0/include-fixed]
  ignore line: [ /usr/lib/gcc/arm-none-eabi/12.2.0/../../../../arm-none-eabi/include]
  ignore line: [End of search list.]
  ignore line: [GNU C17 (Fedora 12.2.0-1.fc37) version 12.2.0 (arm-none-eabi)]
  ignore line: [	compiled by GNU C version 12.2.1 20220819 (Red Hat 12.2.1-1)  GMP version 6.2.1  MPFR version 4.1.0-p13  MPC version 1.2.1  isl version none]
  ignore line: [GGC heuristics: --param ggc-min-expand=100 --param ggc-min-heapsize=131072]
  ignore line: [Compiler executable checksum: 70164f1dbf9293d685adda517863cb76]
  ignore line: [COLLECT_GCC_OPTIONS='-mcpu=cortex-m0plus' '-mthumb' '-v' '-o' 'CMakeFiles/cmTC_2bdc7.dir/CMakeCCompilerABI.c.obj' '-c' '-mfloat-abi=soft' '-mlibarch=armv6s-m' '-march=armv6s-m' '-dumpdir' 'CMakeFiles/cmTC_2bdc7.dir/']
  ignore line: [ /usr/lib/gcc/arm-none-eabi/12.2.0/../../../../arm-none-eabi/bin/as -v -march=armv6s-m -mfloat-abi=soft -meabi=5 -o CMakeFiles/cmTC_2bdc7.dir/CMakeCCompilerABI.c.obj /tmp/ccpZHvBy.s]
  ignore line: [GNU assembler version 2.40 (arm-none-eabi) using BFD version (Fedora 2.40-1.fc37) 2.40]
  ignore line: [COMPILER_PATH=/usr/libexec/gcc/arm-none-eabi/12.2.0/:/usr/libexec/gcc/arm-none-eabi/12.2.0/:/usr/libexec/gcc/arm-none-eabi/:/usr/lib/gcc/arm-none-eabi/12.2.0/:/usr/lib/gcc/arm-none-eabi/:/usr/lib/gcc/arm-none-eabi/12.2.0/../../../../arm-none-eabi/bin/]
  ignore line: [LIBRARY_PATH=/usr/lib/gcc/arm-none-eabi/12.2.0/thumb/v6-m/nofp/:/usr/lib/gcc/arm-none-eabi/12.2.0/../../../../arm-none-eabi/lib/thumb/v6-m/nofp/:/usr/arm-none-eabi/lib/thumb/v6-m/nofp/:/usr/lib/gcc/arm-none-eabi/12.2.0/:/usr/lib/gcc/arm-none-eabi/12.2.0/../../../../arm-none-eabi/lib/:/usr/arm-none-eabi/lib/]
  ignore line: [COLLECT_GCC_OPTIONS='-mcpu=cortex-m0plus' '-mthumb' '-v' '-o' 'CMakeFiles/cmTC_2bdc7.dir/CMakeCCompilerABI.c.obj' '-c' '-mfloat-abi=soft' '-mlibarch=armv6s-m' '-march=armv6s-m' '-dumpdir' 'CMakeFiles/cmTC_2bdc7.dir/CMakeCCompilerABI.c.']
  ignore line: [Linking C executable cmTC_2bdc7.elf]
  ignore line: [/usr/bin/cmake -E cmake_link_script CMakeFiles/cmTC_2bdc7.dir/link.txt --verbose=1]
  ignore line: [/usr/bin/arm-none-eabi-gcc -mcpu=cortex-m0plus -mthumb  -Wl --build-id=none -nostdlib  -v CMakeFiles/cmTC_2bdc7.dir/CMakeCCompilerABI.c.obj -o cmTC_2bdc7.elf ]
  ignore line: [Using built-in specs.]
  ignore line: [COLLECT_GCC=/usr/bin/arm-none-eabi-gcc]
  ignore line: [COLLECT_LTO_WRAPPER=/usr/libexec/gcc/arm-none-eabi/12.2.0/lto-wrapper]
  ignore line: [Target: arm-none-eabi]
  ignore line: [Configured with: ../gcc-12.2.0/configure --prefix=/usr --mandir=/usr/share/man --with-pkgversion='Fedora 12.2.0-1.fc37' --with-bugurl=https://bugzilla.redhat.com/ --infodir=/usr/share/info --target=arm-none-eabi --enable-interwork --enable-multilib --with-python-dir=share/arm-none-eabi/gcc-12.2.0/python --with-multilib-list=rmprofile --enable-plugins --disable-decimal-float --disable-libffi --disable-libgomp --disable-libmudflap --disable-libquadmath --disable-libssp --disable-libstdcxx-pch --disable-nls --disable-shared --disable-threads --disable-tls --enable-languages=c,c++ --with-newlib --disable-nls --disable-shared --disable-threads --with-gnu-as --with-gnu-ld --with-gmp --with-mpfr --with-mpc --with-headers=yes --with-system-zlib --with-sysroot=/usr/arm-none-eabi]
  ignore line: [Thread model: single]
  ignore line: [Supported LTO compression algorithms: zlib]
  ignore line: [gcc version 12.2.0 (Fedora 12.2.0-1.fc37) ]
  ignore line: [COMPILER_PATH=/usr/libexec/gcc/arm-none-eabi/12.2.0/:/usr/libexec/gcc/arm-none-eabi/12.2.0/:/usr/libexec/gcc/arm-none-eabi/:/usr/lib/gcc/arm-none-eabi/12.2.0/:/usr/lib/gcc/arm-none-eabi/:/usr/lib/gcc/arm-none-eabi/12.2.0/../../../../arm-none-eabi/bin/]
  ignore line: [LIBRARY_PATH=/usr/lib/gcc/arm-none-eabi/12.2.0/thumb/v6-m/nofp/:/usr/lib/gcc/arm-none-eabi/12.2.0/../../../../arm-none-eabi/lib/thumb/v6-m/nofp/:/usr/arm-none-eabi/lib/thumb/v6-m/nofp/:/usr/lib/gcc/arm-none-eabi/12.2.0/:/usr/lib/gcc/arm-none-eabi/12.2.0/../../../../arm-none-eabi/lib/:/usr/arm-none-eabi/lib/]
  ignore line: [COLLECT_GCC_OPTIONS='-mcpu=cortex-m0plus' '-mthumb' '-nostdlib' '-v' '-o' 'cmTC_2bdc7.elf' '-mfloat-abi=soft' '-mlibarch=armv6s-m' '-march=armv6s-m' '-dumpdir' 'cmTC_2bdc7.elf.']
  link line: [ /usr/libexec/gcc/arm-none-eabi/12.2.0/collect2 -plugin /usr/libexec/gcc/arm-none-eabi/12.2.0/liblto_plugin.so -plugin-opt=/usr/libexec/gcc/arm-none-eabi/12.2.0/lto-wrapper -plugin-opt=-fresolution=/tmp/ccWgrX2F.res --sysroot=/usr/arm-none-eabi -X -o cmTC_2bdc7.elf -L/usr/lib/gcc/arm-none-eabi/12.2.0/thumb/v6-m/nofp -L/usr/lib/gcc/arm-none-eabi/12.2.0/../../../../arm-none-eabi/lib/thumb/v6-m/nofp -L/usr/arm-none-eabi/lib/thumb/v6-m/nofp -L/usr/lib/gcc/arm-none-eabi/12.2.0 -L/usr/lib/gcc/arm-none-eabi/12.2.0/../../../../arm-none-eabi/lib -L/usr/arm-none-eabi/lib --build-id=none CMakeFiles/cmTC_2bdc7.dir/CMakeCCompilerABI.c.obj]
    arg [/usr/libexec/gcc/arm-none-eabi/12.2.0/collect2] ==> ignore
    arg [-plugin] ==> ignore
    arg [/usr/libexec/gcc/arm-none-eabi/12.2.0/liblto_plugin.so] ==> ignore
    arg [-plugin-opt=/usr/libexec/gcc/arm-none-eabi/12.2.0/lto-wrapper] ==> ignore
    arg [-plugin-opt=-fresolution=/tmp/ccWgrX2F.res] ==> ignore
    arg [--sysroot=/usr/arm-none-eabi] ==> ignore
    arg [-X] ==> ignore
    arg [-o] ==> ignore
    arg [cmTC_2bdc7.elf] ==> ignore
    arg [-L/usr/lib/gcc/arm-none-eabi/12.2.0/thumb/v6-m/nofp] ==> dir [/usr/lib/gcc/arm-none-eabi/12.2.0/thumb/v6-m/nofp]
    arg [-L/usr/lib/gcc/arm-none-eabi/12.2.0/../../../../arm-none-eabi/lib/thumb/v6-m/nofp] ==> dir [/usr/lib/gcc/arm-none-eabi/12.2.0/../../../../arm-none-eabi/lib/thumb/v6-m/nofp]
    arg [-L/usr/arm-none-eabi/lib/thumb/v6-m/nofp] ==> dir [/usr/arm-none-eabi/lib/thumb/v6-m/nofp]
    arg [-L/usr/lib/gcc/arm-none-eabi/12.2.0] ==> dir [/usr/lib/gcc/arm-none-eabi/12.2.0]
    arg [-L/usr/lib/gcc/arm-none-eabi/12.2.0/../../../../arm-none-eabi/lib] ==> dir [/usr/lib/gcc/arm-none-eabi/12.2.0/../../../../arm-none-eabi/lib]
    arg [-L/usr/arm-none-eabi/lib] ==> dir [/usr/arm-none-eabi/lib]
    arg [--build-id=none] ==> ignore
    arg [CMakeFiles/cmTC_2bdc7.dir/CMakeCCompilerABI.c.obj] ==> ignore
  collapse library dir [/usr/lib/gcc/arm-none-eabi/12.2.0/thumb/v6-m/nofp] ==> [/usr/lib/gcc/arm-none-eabi/12.2.0/thumb/v6-m/nofp]
  collapse library dir [/usr/lib/gcc/arm-none-eabi/12.2.0/../../../../arm-none-eabi/lib/thumb/v6-m/nofp] ==> [/usr/arm-none-eabi/lib/thumb/v6-m/nofp]
  collapse library dir [/usr/arm-none-eabi/lib/thumb/v6-m/nofp] ==> [/usr/arm-none-eabi/lib/thumb/v6-m/nofp]
  collapse library dir [/usr/lib/gcc/arm-none-eabi/12.2.0] ==> [/usr/lib/gcc/arm-none-eabi/12.2.0]
  collapse library dir [/usr/lib/gcc/arm-none-eabi/12.2.0/../../../../arm-none-eabi/lib] ==> [/usr/arm-none-eabi/lib]
  collapse library dir [/usr/arm-none-eabi/lib] ==> [/usr/arm-none-eabi/lib]
  implicit libs: []
  implicit objs: []
  implicit dirs: [/usr/lib/gcc/arm-none-eabi/12.2.0/thumb/v6-m/nofp;/usr/arm-none-eabi/lib/thumb/v6-m/nofp;/usr/lib/gcc/arm-none-eabi/12.2.0;/usr/arm-none-eabi/lib]
  implicit fwks: []


